PARSING BUCK FILES: FINISHED IN 1.8s
CREATING ACTION GRAPH: FINISHED IN 0.1s
BUILT 1/7 JOBS 0.0s //:app#macosx-x86_64,preprocessor-deps
BUILT 2/7 JOBS 0.0s //:app#macosx-x86_64,private-headers
[0;1;35mwarning: [0m[1munknown warning option '-Wmaybe-uninitialized'; did you mean '-Wuninitialized'? [-Wunknown-warning-option][0m
1 warning generated.
BUILT 3/7 JOBS 0.2s //:app#compile-TcpConnection.cpp.o4e1ab404,macosx-x86_64
[0;1;35mwarning: [0m[1munknown warning option '-Wmaybe-uninitialized'; did you mean '-Wuninitialized'? [-Wunknown-warning-option][0m
In file included from main.cpp:1:
In file included from TcpServer.hpp:6:
[1m/usr/local/include/boost/bind.hpp:36:1: [0m[0;1;35mwarning: [0m[1mThe practice of declaring the Bind placeholders (_1, _2, ...) in the global namespace is deprecated. Please use <boost/bind/bind.hpp> + using namespace boost::placeholders, or define BOOST_BIND_GLOBAL_PLACEHOLDERS to retain the current behavior. [-W#pragma-messages][0m
BOOST_PRAGMA_MESSAGE(
[0;1;32m^
[0m[1m/usr/local/include/boost/config/pragma_message.hpp:24:34: [0m[0;1;30mnote: [0mexpanded from macro 'BOOST_PRAGMA_MESSAGE'[0m
# define BOOST_PRAGMA_MESSAGE(x) _Pragma(BOOST_STRINGIZE(message(x)))
[0;1;32m                                 ^
[0m[1m<scratch space>:9:2: [0m[0;1;30mnote: [0mexpanded from here[0m
 message("The practice of declaring the Bind placeholders (_1, _2, ...) " "in the global namespace is deprecated. Please use " "<boost/bind/bind.hpp> + using namespace boost::placeholders, " "or define BOOST_BIND_GLOBAL_PLACEHOLDERS to retain the current behavior.")
[0;1;32m ^
[0m2 warnings generated.
BUILT 4/7 JOBS 2.2s //:app#compile-main.cpp.oa5b6a1ba,macosx-x86_64
[0;1;35mwarning: [0m[1munknown warning option '-Wmaybe-uninitialized'; did you mean '-Wuninitialized'? [-Wunknown-warning-option][0m
In file included from TcpServer.cpp:1:
In file included from TcpServer.hpp:6:
[1m/usr/local/include/boost/bind.hpp:36:1: [0m[0;1;35mwarning: [0m[1mThe practice of declaring the Bind placeholders (_1, _2, ...) in the global namespace is deprecated. Please use <boost/bind/bind.hpp> + using namespace boost::placeholders, or define BOOST_BIND_GLOBAL_PLACEHOLDERS to retain the current behavior. [-W#pragma-messages][0m
BOOST_PRAGMA_MESSAGE(
[0;1;32m^
[0m[1m/usr/local/include/boost/config/pragma_message.hpp:24:34: [0m[0;1;30mnote: [0mexpanded from macro 'BOOST_PRAGMA_MESSAGE'[0m
# define BOOST_PRAGMA_MESSAGE(x) _Pragma(BOOST_STRINGIZE(message(x)))
[0;1;32m                                 ^
[0m[1m<scratch space>:9:2: [0m[0;1;30mnote: [0mexpanded from here[0m
 message("The practice of declaring the Bind placeholders (_1, _2, ...) " "in the global namespace is deprecated. Please use " "<boost/bind/bind.hpp> + using namespace boost::placeholders, " "or define BOOST_BIND_GLOBAL_PLACEHOLDERS to retain the current behavior.")
[0;1;32m ^
[0m2 warnings generated.
BUILT 5/7 JOBS 2.3s //:app#compile-TcpServer.cpp.o83230cec,macosx-x86_64
BUILT 6/7 JOBS 0.0s //:app
BUILT 7/7 JOBS 0.1s //:app#binary
DOWNLOADED 0 ARTIFACTS, 0.00 BYTES, 100.0% CACHE MISS
BUILDING: FINISHED IN 4.6s 7/7 JOBS, 7 UPDATED

Top slow rules
    //:app: 4.8s
BUILD SUCCEEDED
