[2022-09-14 22:54:10.206][debug][command:null][tid:01][com.facebook.buck.cli.MainRunner] Starting up (build date 2022-05-05 13:03:16 -0700, rev 2022.05.05.01), args: [clean]
[2022-09-14 22:54:10.207][debug][command:null][tid:01][com.facebook.buck.cli.MainRunner] System properties: {java.vendor=Homebrew, sun.java.launcher=SUN_STANDARD, sun.management.compiler=HotSpot 64-Bit Tiered Compilers, jnidispatch.path=/Users/paulot/Library/Caches/JNA/temp/jna9072290335388906238.tmp, os.name=Mac OS X, buck.enable_objc=true, sun.boot.class.path=/usr/local/Cellar/openjdk@8/1.8.0+345/libexec/openjdk.jdk/Contents/Home/jre/lib/resources.jar:/usr/local/Cellar/openjdk@8/1.8.0+345/libexec/openjdk.jdk/Contents/Home/jre/lib/rt.jar:/usr/local/Cellar/openjdk@8/1.8.0+345/libexec/openjdk.jdk/Contents/Home/jre/lib/sunrsasign.jar:/usr/local/Cellar/openjdk@8/1.8.0+345/libexec/openjdk.jdk/Contents/Home/jre/lib/jsse.jar:/usr/local/Cellar/openjdk@8/1.8.0+345/libexec/openjdk.jdk/Contents/Home/jre/lib/jce.jar:/usr/local/Cellar/openjdk@8/1.8.0+345/libexec/openjdk.jdk/Contents/Home/jre/lib/charsets.jar:/usr/local/Cellar/openjdk@8/1.8.0+345/libexec/openjdk.jdk/Contents/Home/jre/lib/jfr.jar:/usr/local/Cellar/openjdk@8/1.8.0+345/libexec/openjdk.jdk/Contents/Home/jre/classes, buck.module.resources=/Users/paulot/simple_cache/.buckd/resources/2022.05.05.01/buck-modules-resources, pf4j.pluginsDir=/Users/paulot/simple_cache/.buckd/resources/2022.05.05.01/buck-modules, buck.resource_lock_path=/Users/paulot/simple_cache/.buckd/resources/2022.05.05.01/.buck_lock, buck.path_to_isolated_trampoline=/Users/paulot/simple_cache/.buckd/resources/2022.05.05.01/path_to_isolated_trampoline, java.vm.specification.vendor=Oracle Corporation, java.runtime.version=1.8.0_345-bre_2022_08_04_23_35-b00, buck.base_buck_out_dir=buck-out, jna.loaded=true, buck.testrunner_classes=/Users/paulot/simple_cache/.buckd/resources/2022.05.05.01/testrunner_classes, buck.logging_config_file=/Users/paulot/simple_cache/.buckd/resources/2022.05.05.01/logging_config_file, buck.path_to_sh_binary_template=/Users/paulot/simple_cache/.buckd/resources/2022.05.05.01/path_to_sh_binary_template, user.name=paulot, buck.path_to_pywatchman=/Users/paulot/simple_cache/.buckd/resources/2022.05.05.01/path_to_pywatchman, buck.report_generator_jar=/Users/paulot/simple_cache/.buckd/resources/2022.05.05.01/report_generator_jar, buck.legacy_fix_script=/Users/paulot/simple_cache/.buckd/resources/2022.05.05.01/legacy_fix_script, buck.git_commit=2022.05.05.01, user.language=en, sun.boot.library.path=/usr/local/Cellar/openjdk@8/1.8.0+345/libexec/openjdk.jdk/Contents/Home/jre/lib, jna.nosys=true, java.version=1.8.0_345, user.timezone=America/Los_Angeles, buck.test_util_no_tests_dir=true, sun.arch.data.model=64, http.nonProxyHosts=local|*.local|169.254/16|*.169.254/16, java.endorsed.dirs=/usr/local/Cellar/openjdk@8/1.8.0+345/libexec/openjdk.jdk/Contents/Home/jre/lib/endorsed, sun.cpu.isalist=, sun.jnu.encoding=UTF-8, file.encoding.pkg=sun.io, file.separator=/, java.specification.name=Java Platform API Specification, buck.jacoco_agent_jar=/Users/paulot/simple_cache/.buckd/resources/2022.05.05.01/jacoco_agent_jar, java.class.version=52.0, user.country=US, buck.binary_hash=a5ebc4192e18d952e5a3eb762dea479d, java.home=/usr/local/Cellar/openjdk@8/1.8.0+345/libexec/openjdk.jdk/Contents/Home/jre, java.vm.info=mixed mode, os.version=11.4, buck.version_uid=2022.05.05.01, org.eclipse.jetty.util.log.class=org.eclipse.jetty.util.log.JavaUtilLog, path.separator=:, java.vm.version=25.345-b00, java.awt.printerjob=sun.lwawt.macosx.CPrinterJob, sun.io.unicode.encoding=UnicodeBig, awt.toolkit=sun.lwawt.macosx.LWCToolkit, buck.mode=package, buck.buck_build_type_info=/Users/paulot/simple_cache/.buckd/resources/2022.05.05.01/buck_build_type_info, socksNonProxyHosts=local|*.local|169.254/16|*.169.254/16, ftp.nonProxyHosts=local|*.local|169.254/16|*.169.254/16, buck.dx=/Users/paulot/simple_cache/.buckd/resources/2022.05.05.01/dx, buck.git_commit_timestamp=1651780996, user.home=/Users/paulot, java.specification.vendor=Oracle Corporation, buck.git_dirty=0, java.library.path=/Users/paulot/simple_cache/.buckd/resources/2022.05.05.01, java.vendor.url=https://github.com/Homebrew/homebrew-core/issues, buck.is_buckd=false, java.vm.vendor=Homebrew, gopherProxySet=false, java.runtime.name=OpenJDK Runtime Environment, sun.java.command=com.facebook.buck.cli.bootstrapper.ClassLoaderBootstrapper com.facebook.buck.cli.MainWithoutNailgun clean --command-args-file /Users/paulot/simple_cache/buck-out/tmp/buck_run.m4rlx1cx/tmpt6l7713f, java.class.path=/Users/paulot/simple_cache/.buckd/resources/2022.05.05.01/bootstrapper_jar:/Users/paulot/simple_cache/.buckd/resources/2022.05.05.01/buckfilesystem_jar, buck.buckd_dir=/Users/paulot/simple_cache/.buckd, buck.path_to_pathlib_py=/Users/paulot/simple_cache/.buckd/resources/2022.05.05.01/pathlib.py, java.vm.specification.name=Java Virtual Machine Specification, java.vm.specification.version=1.8, sun.cpu.endian=little, sun.os.patch.level=unknown, java.awt.headless=true, java.io.tmpdir=/Users/paulot/simple_cache/buck-out/tmp/buck_run.m4rlx1cx, buck.android_agent_path=/Users/paulot/simple_cache/.buckd/resources/2022.05.05.01/android_agent_path, java.vendor.url.bug=https://github.com/Homebrew/homebrew-core/issues, buck.path_to_python_dsl=, os.arch=x86_64, java.awt.graphicsenv=sun.awt.CGraphicsEnvironment, java.ext.dirs=/Users/paulot/Library/Java/Extensions:/usr/local/Cellar/openjdk@8/1.8.0+345/libexec/openjdk.jdk/Contents/Home/jre/lib/ext:/Library/Java/Extensions:/Network/Library/Java/Extensions:/System/Library/Java/Extensions:/usr/lib/java, java.util.logging.config.class=com.facebook.buck.cli.bootstrapper.LogConfig, buck.path_to_six_py=/Users/paulot/simple_cache/.buckd/resources/2022.05.05.01/six.py, user.dir=/Users/paulot/simple_cache, java.nio.file.spi.DefaultFileSystemProvider=com.facebook.buck.core.filesystems.BuckFileSystemProvider, line.separator=
, java.vm.name=OpenJDK 64-Bit Server VM, buck.path_to_typing=/Users/paulot/simple_cache/.buckd/resources/2022.05.05.01/path_to_typing, buck.native_exopackage_fake_path=/Users/paulot/simple_cache/.buckd/resources/2022.05.05.01/native_exopackage_fake_path, file.encoding=UTF-8, java.specification.version=1.8}
[2022-09-14 22:54:10.232][debug][command:null][tid:01][com.facebook.buck.util.config.Configs] Loading configuration for /Users/paulot/simple_cache
[2022-09-14 22:54:10.233][debug][command:null][tid:01][com.facebook.buck.util.config.Configs] Loaded project configuration file /Users/paulot/simple_cache/.buckconfig
[2022-09-14 22:54:10.233][debug][command:null][tid:01][com.facebook.buck.util.config.Configs] Adding configuration overrides RawConfig{values={}}
[2022-09-14 22:54:10.284][debug][command:null][tid:01][com.facebook.buck.cli.MainRunner] Not using Watchman, context present: false, glob handler: PYTHON
[2022-09-14 22:54:10.295][info ][command:null][tid:01][com.facebook.buck.core.plugin.impl.DefaultBuckPluginManager] Time to load instances of interface com.facebook.buck.core.rules.config.ConfigurationRuleDescriptionProvider: 10
[2022-09-14 22:54:10.317][info ][command:null][tid:01][com.facebook.buck.core.plugin.impl.DefaultBuckPluginManager] Time to load instances of interface com.facebook.buck.core.toolchain.ToolchainSupplier: 13
[2022-09-14 22:54:10.445][debug][command:null][tid:01][com.facebook.buck.support.state.BuckGlobalStateLifecycleManager] Starting up daemon state for project root [/Users/paulot/simple_cache]
[2022-09-14 22:54:10.515][debug][command:null][tid:01][com.facebook.buck.support.state.BuckGlobalStateFactory] Falling back to named cursors: {}
[2022-09-14 22:54:10.515][debug][command:null][tid:01][com.facebook.buck.support.state.BuckGlobalStateFactory] Using Watchman Cursor: {}
[2022-09-14 22:54:10.516][debug][command:null][tid:23][com.facebook.buck.io.AsynchronousDirectoryContentsCleaner] Starting to clean /Users/paulot/simple_cache/buck-out/.trash
[2022-09-14 22:54:10.521][debug][command:null][tid:23][com.facebook.buck.io.AsynchronousDirectoryContentsCleaner] Done cleaning /Users/paulot/simple_cache/buck-out/.trash
[2022-09-14 22:54:10.612][debug][command:03ed233d-00a6-41a0-866a-3dbeb87f7235][tid:01][com.facebook.buck.event.listener.RenderingConsole] Starting render scheduler (interval 100 ms)
[2022-09-14 22:54:10.620][debug][command:null][tid:27][com.facebook.buck.util.perf.ProcessTracker] startUp
[2022-09-14 22:54:10.627][debug][command:03ed233d-00a6-41a0-866a-3dbeb87f7235][tid:01][com.facebook.buck.util.environment.MacWifiSsidFinder] Getting current SSID..
[2022-09-14 22:54:10.646][debug][command:03ed233d-00a6-41a0-866a-3dbeb87f7235][tid:01][com.facebook.buck.util.environment.MacWifiSsidFinder] Getting SSID from Wi-Fi interface: <CWInterface: 0x7f9f0643a340> [interfaceName=en0]
[2022-09-14 22:54:10.646][debug][command:03ed233d-00a6-41a0-866a-3dbeb87f7235][tid:01][com.facebook.buck.util.environment.MacWifiSsidFinder] Found SSID: poopstars
[2022-09-14 22:54:15.715][debug][command:03ed233d-00a6-41a0-866a-3dbeb87f7235][tid:01][com.facebook.buck.util.randomizedtrial.RandomizedTrial] Determined key: 'paulot@Pauls-MacBook-Pro.local/depsaware_executor/03ed233d-00a6-41a0-866a-3dbeb87f7235'
[2022-09-14 22:54:15.725][debug][command:03ed233d-00a6-41a0-866a-3dbeb87f7235][tid:01][com.facebook.buck.cli.MainRunner] InvocationInfo BuildId=[03ed233d-00a6-41a0-866a-3dbeb87f7235] Args=[clean]
[2022-09-14 22:54:15.749][info ][command:03ed233d-00a6-41a0-866a-3dbeb87f7235][tid:01][com.facebook.buck.support.build.report.BuildReportUtils] Build report is not enabled
[2022-09-14 22:54:15.788][info ][command:03ed233d-00a6-41a0-866a-3dbeb87f7235][tid:01][com.facebook.buck.support.build.report.BuildReportUtils] Build report is not enabled
[2022-09-14 22:54:15.790][warn ][command:null][tid:31][com.facebook.buck.event.listener.PublicAnnouncementManager] Failed to get public announcements. Reason: Failed to establish connection to server.
[2022-09-14 22:54:15.792][debug][command:null][tid:32][com.facebook.buck.util.environment.MacNetworkConfiguration] Determine network service order and extract device names
[2022-09-14 22:54:15.794][debug][command:null][tid:32][com.facebook.buck.util.ListeningProcessExecutor] Launching process with params ProcessExecutorParams{command=[networksetup, -listnetworkserviceorder, ]}
[2022-09-14 22:54:15.822][debug][command:null][tid:32][com.facebook.buck.util.ListeningProcessExecutor] Successfully launched process com.zaxxer.nuprocess.osx.OsxProcess@131a21af
[2022-09-14 22:54:15.825][debug][command:null][tid:32][com.facebook.buck.util.ListeningProcessExecutor] Waiting for process com.facebook.buck.util.ListeningProcessExecutor$LaunchedProcessImpl@1a65a354 timeout 1000 MILLISECONDS
[2022-09-14 22:54:15.845][debug][command:null][tid:32][com.facebook.buck.util.ListeningProcessExecutor] Wait for process returned 0
[2022-09-14 22:54:15.845][debug][command:null][tid:32][com.facebook.buck.util.ListeningProcessExecutor] Destroying process com.facebook.buck.util.ListeningProcessExecutor$LaunchedProcessImpl@1a65a354 (force true)
[2022-09-14 22:54:15.845][debug][command:null][tid:32][com.facebook.buck.util.environment.MacNetworkConfiguration] Determine active state of media for device
[2022-09-14 22:54:15.846][debug][command:null][tid:32][com.facebook.buck.util.ListeningProcessExecutor] Launching process with params ProcessExecutorParams{command=[networksetup, -getMedia, en5]}
[2022-09-14 22:54:15.849][debug][command:null][tid:32][com.facebook.buck.util.ListeningProcessExecutor] Successfully launched process com.zaxxer.nuprocess.osx.OsxProcess@669496d7
[2022-09-14 22:54:15.850][debug][command:null][tid:32][com.facebook.buck.util.ListeningProcessExecutor] Waiting for process com.facebook.buck.util.ListeningProcessExecutor$LaunchedProcessImpl@6279ae06 timeout 1000 MILLISECONDS
[2022-09-14 22:54:15.870][debug][command:null][tid:32][com.facebook.buck.util.ListeningProcessExecutor] Wait for process returned 4
[2022-09-14 22:54:15.870][debug][command:null][tid:32][com.facebook.buck.util.ListeningProcessExecutor] Destroying process com.facebook.buck.util.ListeningProcessExecutor$LaunchedProcessImpl@6279ae06 (force true)
[2022-09-14 22:54:15.870][debug][command:null][tid:32][com.facebook.buck.util.environment.MacNetworkConfiguration] Determine active state of media for device
[2022-09-14 22:54:15.870][debug][command:null][tid:32][com.facebook.buck.util.ListeningProcessExecutor] Launching process with params ProcessExecutorParams{command=[networksetup, -getMedia, en0]}
[2022-09-14 22:54:15.872][debug][command:null][tid:32][com.facebook.buck.util.ListeningProcessExecutor] Successfully launched process com.zaxxer.nuprocess.osx.OsxProcess@44a7fdbd
[2022-09-14 22:54:15.873][debug][command:null][tid:32][com.facebook.buck.util.ListeningProcessExecutor] Waiting for process com.facebook.buck.util.ListeningProcessExecutor$LaunchedProcessImpl@2ba11057 timeout 1000 MILLISECONDS
[2022-09-14 22:54:15.893][debug][command:null][tid:32][com.facebook.buck.util.ListeningProcessExecutor] Wait for process returned 0
[2022-09-14 22:54:15.894][debug][command:null][tid:32][com.facebook.buck.util.ListeningProcessExecutor] Destroying process com.facebook.buck.util.ListeningProcessExecutor$LaunchedProcessImpl@2ba11057 (force true)
[2022-09-14 22:54:15.894][debug][command:null][tid:32][com.facebook.buck.util.environment.MacNetworkConfiguration] Determine WiFi SSID of device
[2022-09-14 22:54:15.894][debug][command:null][tid:32][com.facebook.buck.util.ListeningProcessExecutor] Launching process with params ProcessExecutorParams{command=[networksetup, -getairportnetwork, en0]}
[2022-09-14 22:54:15.895][debug][command:null][tid:32][com.facebook.buck.util.ListeningProcessExecutor] Successfully launched process com.zaxxer.nuprocess.osx.OsxProcess@31fcc0d4
[2022-09-14 22:54:15.897][debug][command:null][tid:32][com.facebook.buck.util.ListeningProcessExecutor] Waiting for process com.facebook.buck.util.ListeningProcessExecutor$LaunchedProcessImpl@b222430 timeout 1000 MILLISECONDS
[2022-09-14 22:54:15.917][debug][command:null][tid:32][com.facebook.buck.util.ListeningProcessExecutor] Wait for process returned 0
[2022-09-14 22:54:15.917][debug][command:null][tid:32][com.facebook.buck.util.ListeningProcessExecutor] Destroying process com.facebook.buck.util.ListeningProcessExecutor$LaunchedProcessImpl@b222430 (force true)
[2022-09-14 22:54:20.841][debug][command:03ed233d-00a6-41a0-866a-3dbeb87f7235][tid:01][com.facebook.buck.cli.CleanCommand] Removed path: buck-out/log/journal
[2022-09-14 22:54:20.849][debug][command:03ed233d-00a6-41a0-866a-3dbeb87f7235][tid:01][com.facebook.buck.cli.CleanCommand] Removed path: buck-out/bin
[2022-09-14 22:54:20.860][debug][command:03ed233d-00a6-41a0-866a-3dbeb87f7235][tid:01][com.facebook.buck.cli.CleanCommand] Removed path: buck-out/cache
[2022-09-14 22:54:20.862][debug][command:03ed233d-00a6-41a0-866a-3dbeb87f7235][tid:01][com.facebook.buck.cli.CleanCommand] Removed path: buck-out/gen
[2022-09-14 22:54:20.862][debug][command:03ed233d-00a6-41a0-866a-3dbeb87f7235][tid:01][com.facebook.buck.cli.CleanCommand] Removed path: buck-out/.trash
[2022-09-14 22:54:20.869][info ][command:03ed233d-00a6-41a0-866a-3dbeb87f7235][tid:28][com.facebook.buck.event.listener.CriticalPathEventListener] Received command finished event for command : clean
[2022-09-14 22:54:20.870][info ][command:null][tid:38][com.facebook.buck.core.graph.transformation.executor.impl.AbstractDepsAwareExecutor] Worker was interrupted
[2022-09-14 22:54:20.870][info ][command:null][tid:47][com.facebook.buck.core.graph.transformation.executor.impl.AbstractDepsAwareExecutor] Worker was interrupted
[2022-09-14 22:54:20.870][info ][command:null][tid:51][com.facebook.buck.core.graph.transformation.executor.impl.AbstractDepsAwareExecutor] Worker was interrupted
[2022-09-14 22:54:20.870][info ][command:null][tid:45][com.facebook.buck.core.graph.transformation.executor.impl.AbstractDepsAwareExecutor] Worker was interrupted
[2022-09-14 22:54:20.870][info ][command:null][tid:44][com.facebook.buck.core.graph.transformation.executor.impl.AbstractDepsAwareExecutor] Worker was interrupted
[2022-09-14 22:54:20.870][info ][command:null][tid:43][com.facebook.buck.core.graph.transformation.executor.impl.AbstractDepsAwareExecutor] Worker was interrupted
[2022-09-14 22:54:20.870][info ][command:null][tid:39][com.facebook.buck.core.graph.transformation.executor.impl.AbstractDepsAwareExecutor] Worker was interrupted
[2022-09-14 22:54:20.870][info ][command:null][tid:42][com.facebook.buck.core.graph.transformation.executor.impl.AbstractDepsAwareExecutor] Worker was interrupted
[2022-09-14 22:54:20.870][info ][command:null][tid:40][com.facebook.buck.core.graph.transformation.executor.impl.AbstractDepsAwareExecutor] Worker was interrupted
[2022-09-14 22:54:20.870][info ][command:null][tid:41][com.facebook.buck.core.graph.transformation.executor.impl.AbstractDepsAwareExecutor] Worker was interrupted
[2022-09-14 22:54:20.871][info ][command:null][tid:53][com.facebook.buck.core.graph.transformation.executor.impl.AbstractDepsAwareExecutor] Worker was interrupted
[2022-09-14 22:54:20.871][info ][command:null][tid:48][com.facebook.buck.core.graph.transformation.executor.impl.AbstractDepsAwareExecutor] Worker was interrupted
[2022-09-14 22:54:20.871][info ][command:null][tid:49][com.facebook.buck.core.graph.transformation.executor.impl.AbstractDepsAwareExecutor] Worker was interrupted
[2022-09-14 22:54:20.871][info ][command:null][tid:50][com.facebook.buck.core.graph.transformation.executor.impl.AbstractDepsAwareExecutor] Worker was interrupted
[2022-09-14 22:54:20.870][info ][command:null][tid:46][com.facebook.buck.core.graph.transformation.executor.impl.AbstractDepsAwareExecutor] Worker was interrupted
[2022-09-14 22:54:20.870][info ][command:null][tid:52][com.facebook.buck.core.graph.transformation.executor.impl.AbstractDepsAwareExecutor] Worker was interrupted
[2022-09-14 22:54:20.875][debug][command:03ed233d-00a6-41a0-866a-3dbeb87f7235][tid:27][com.facebook.buck.util.perf.ProcessTracker] shutDown
[2022-09-14 22:54:20.877][debug][command:03ed233d-00a6-41a0-866a-3dbeb87f7235][tid:01][com.facebook.buck.event.listener.RenderingConsole] Stopping render scheduler
[2022-09-14 22:54:20.877][info ][command:03ed233d-00a6-41a0-866a-3dbeb87f7235][tid:01][com.facebook.buck.cli.MainRunner] Awaiting termination of PROJECT executor service. Waiting for all jobs to complete, or up to maximum of 60 seconds...
[2022-09-14 22:54:20.877][info ][command:03ed233d-00a6-41a0-866a-3dbeb87f7235][tid:01][com.facebook.buck.cli.MainRunner] Successfully terminated PROJECT executor service.
[2022-09-14 22:54:20.877][info ][command:03ed233d-00a6-41a0-866a-3dbeb87f7235][tid:01][com.facebook.buck.cli.MainRunner] Awaiting termination of NETWORK executor service. Waiting for all jobs to complete, or up to maximum of 60 seconds...
[2022-09-14 22:54:20.877][info ][command:03ed233d-00a6-41a0-866a-3dbeb87f7235][tid:01][com.facebook.buck.cli.MainRunner] Successfully terminated NETWORK executor service.
[2022-09-14 22:54:20.877][info ][command:03ed233d-00a6-41a0-866a-3dbeb87f7235][tid:01][com.facebook.buck.cli.MainRunner] Awaiting termination of GRAPH_CPU executor service. Waiting for all jobs to complete, or up to maximum of 60 seconds...
[2022-09-14 22:54:20.877][info ][command:03ed233d-00a6-41a0-866a-3dbeb87f7235][tid:01][com.facebook.buck.cli.MainRunner] Successfully terminated GRAPH_CPU executor service.
[2022-09-14 22:54:20.877][info ][command:03ed233d-00a6-41a0-866a-3dbeb87f7235][tid:01][com.facebook.buck.cli.MainRunner] Awaiting termination of CPU executor service. Waiting for all jobs to complete, or up to maximum of 60 seconds...
[2022-09-14 22:54:20.877][info ][command:03ed233d-00a6-41a0-866a-3dbeb87f7235][tid:01][com.facebook.buck.cli.MainRunner] Successfully terminated CPU executor service.
[2022-09-14 22:54:20.877][info ][command:03ed233d-00a6-41a0-866a-3dbeb87f7235][tid:01][com.facebook.buck.cli.MainRunner] Awaiting termination of ScheduledExecutorService executor service. Waiting for all jobs to complete, or up to maximum of 60 seconds...
[2022-09-14 22:54:20.877][info ][command:03ed233d-00a6-41a0-866a-3dbeb87f7235][tid:01][com.facebook.buck.cli.MainRunner] Successfully terminated ScheduledExecutorService executor service.
[2022-09-14 22:54:20.878][info ][command:03ed233d-00a6-41a0-866a-3dbeb87f7235][tid:01][com.facebook.buck.cli.MainRunner] Awaiting termination of CounterAggregatorExecutor executor service. Waiting for all jobs to complete, or up to maximum of 20 seconds...
[2022-09-14 22:54:20.878][info ][command:03ed233d-00a6-41a0-866a-3dbeb87f7235][tid:01][com.facebook.buck.cli.MainRunner] Successfully terminated CounterAggregatorExecutor executor service.
[2022-09-14 22:54:20.878][info ][command:03ed233d-00a6-41a0-866a-3dbeb87f7235][tid:01][com.facebook.buck.cli.MainRunner] Awaiting termination of HTTP Read executor service. Waiting for all jobs to complete, or up to maximum of 1800 seconds...
[2022-09-14 22:54:20.878][info ][command:03ed233d-00a6-41a0-866a-3dbeb87f7235][tid:01][com.facebook.buck.cli.MainRunner] Successfully terminated HTTP Read executor service.
[2022-09-14 22:54:20.878][info ][command:03ed233d-00a6-41a0-866a-3dbeb87f7235][tid:01][com.facebook.buck.cli.MainRunner] Awaiting termination of HTTP Write executor service. Waiting for all jobs to complete, or up to maximum of 1800 seconds...
[2022-09-14 22:54:20.878][info ][command:03ed233d-00a6-41a0-866a-3dbeb87f7235][tid:01][com.facebook.buck.cli.MainRunner] Successfully terminated HTTP Write executor service.
[2022-09-14 22:54:20.878][info ][command:03ed233d-00a6-41a0-866a-3dbeb87f7235][tid:01][com.facebook.buck.cli.MainRunner] Awaiting termination of Disk IO executor service. Waiting for all jobs to complete, or up to maximum of 10 seconds...
[2022-09-14 22:54:20.878][info ][command:03ed233d-00a6-41a0-866a-3dbeb87f7235][tid:01][com.facebook.buck.cli.MainRunner] Successfully terminated Disk IO executor service.
[2022-09-14 22:54:20.889][debug][command:null][tid:56][com.facebook.buck.event.listener.ChromeTraceBuildListener] Writing Chrome trace to buck-out/log/2022-09-15_05h54m10s_cleancommand_03ed233d-00a6-41a0-866a-3dbeb87f7235/build.2022-09-14.22-54-15.03ed233d-00a6-41a0-866a-3dbeb87f7235.trace
[2022-09-14 22:54:20.894][debug][command:null][tid:01][com.facebook.buck.cli.MainRunner] Done.
