PARSING BUCK FILES: FINISHED IN 1.8s
CREATING ACTION GRAPH: FINISHED IN 0.1s
[33m[31mduplicate symbol 'make_daytime_string()' in:
[0m[31m    buck-out/gen/app#compile-TcpServer.cpp.o83230cec,macosx-x86_64/TcpServer.cpp.o
[0m[31m    buck-out/gen/app#compile-main.cpp.oa5b6a1ba,macosx-x86_64/main.cpp.o
[0m[31mld: 1 duplicate symbol for architecture x86_64
[0m[31mclang: error: linker command failed with exit code 1 (use -v to see invocation)
[0m[0m
DOWNLOADED 0 ARTIFACTS, 0.00 BYTES, 100.0% CACHE MISS
BUILDING: FINISHED IN 2.4s 5/5 JOBS, 2 UPDATED

Top slow rules
    //:app: 0.2s
BUILD FAILED
[31mCommand failed with exit code 1.

command: [/Applications/Xcode.app/Contents/Developer/Toolchains/XcodeDefault.xctoolchain/usr/bin/clang++, @/Users/paulot/simple_cache/buck-out/bin/app#binary/linker.argsfile]

stderr: [31mduplicate symbol 'make_daytime_string()' in:
[0m[31m    buck-out/gen/app#compile-TcpServer.cpp.o83230cec,macosx-x86_64/TcpServer.cpp.o
[0m[31m    buck-out/gen/app#compile-main.cpp.oa5b6a1ba,macosx-x86_64/main.cpp.o
[0m[31mld: 1 duplicate symbol for architecture x86_64
[0m[31mclang: error: linker command failed with exit code 1 (use -v to see invocation)
[0m
    When running <c++ link>.
    When building rule //:app#binary.[0m
