PARSING BUCK FILES: FINISHED IN 1.7s
CREATING ACTION GRAPH: FINISHED IN 0.1s
[0;1;35mwarning: [0m[1munknown warning option '-Wmaybe-uninitialized'; did you mean '-Wuninitialized'? [-Wunknown-warning-option][0m
In file included from main.cpp:1:
In file included from TcpServer.hpp:6:
[1m/usr/local/include/boost/bind.hpp:36:1: [0m[0;1;35mwarning: [0m[1mThe practice of declaring the Bind placeholders (_1, _2, ...) in the global namespace is deprecated. Please use <boost/bind/bind.hpp> + using namespace boost::placeholders, or define BOOST_BIND_GLOBAL_PLACEHOLDERS to retain the current behavior. [-W#pragma-messages][0m
BOOST_PRAGMA_MESSAGE(
[0;1;32m^
[0m[1m/usr/local/include/boost/config/pragma_message.hpp:24:34: [0m[0;1;30mnote: [0mexpanded from macro 'BOOST_PRAGMA_MESSAGE'[0m
# define BOOST_PRAGMA_MESSAGE(x) _Pragma(BOOST_STRINGIZE(message(x)))
[0;1;32m                                 ^
[0m[1m<scratch space>:9:2: [0m[0;1;30mnote: [0mexpanded from here[0m
 message("The practice of declaring the Bind placeholders (_1, _2, ...) " "in the global namespace is deprecated. Please use " "<boost/bind/bind.hpp> + using namespace boost::placeholders, " "or define BOOST_BIND_GLOBAL_PLACEHOLDERS to retain the current behavior.")
[0;1;32m ^
[0m2 warnings generated.
BUILT 4/7 JOBS 2.2s //:app#compile-main.cpp.oa5b6a1ba,macosx-x86_64
[0;1;35mwarning: [0m[1munknown warning option '-Wmaybe-uninitialized'; did you mean '-Wuninitialized'? [-Wunknown-warning-option][0m
In file included from TcpServer.cpp:1:
In file included from TcpServer.hpp:6:
[1m/usr/local/include/boost/bind.hpp:36:1: [0m[0;1;35mwarning: [0m[1mThe practice of declaring the Bind placeholders (_1, _2, ...) in the global namespace is deprecated. Please use <boost/bind/bind.hpp> + using namespace boost::placeholders, or define BOOST_BIND_GLOBAL_PLACEHOLDERS to retain the current behavior. [-W#pragma-messages][0m
BOOST_PRAGMA_MESSAGE(
[0;1;32m^
[0m[1m/usr/local/include/boost/config/pragma_message.hpp:24:34: [0m[0;1;30mnote: [0mexpanded from macro 'BOOST_PRAGMA_MESSAGE'[0m
# define BOOST_PRAGMA_MESSAGE(x) _Pragma(BOOST_STRINGIZE(message(x)))
[0;1;32m                                 ^
[0m[1m<scratch space>:9:2: [0m[0;1;30mnote: [0mexpanded from here[0m
 message("The practice of declaring the Bind placeholders (_1, _2, ...) " "in the global namespace is deprecated. Please use " "<boost/bind/bind.hpp> + using namespace boost::placeholders, " "or define BOOST_BIND_GLOBAL_PLACEHOLDERS to retain the current behavior.")
[0;1;32m ^
[0m2 warnings generated.
BUILT 5/7 JOBS 2.2s //:app#compile-TcpServer.cpp.o83230cec,macosx-x86_64
[33m[31mduplicate symbol 'make_daytime_string()' in:
[0m[31m    buck-out/gen/app#compile-TcpServer.cpp.o83230cec,macosx-x86_64/TcpServer.cpp.o
[0m[31m    buck-out/gen/app#compile-main.cpp.oa5b6a1ba,macosx-x86_64/main.cpp.o
[0m[31mld: 1 duplicate symbol for architecture x86_64
[0m[31mclang: error: linker command failed with exit code 1 (use -v to see invocation)
[0m[0m
DOWNLOADED 0 ARTIFACTS, 0.00 BYTES, 100.0% CACHE MISS
BUILDING: FINISHED IN 4.5s 7/7 JOBS, 4 UPDATED

Top slow rules
    //:app: 4.6s
BUILD FAILED
[31mCommand failed with exit code 1.

command: [/Applications/Xcode.app/Contents/Developer/Toolchains/XcodeDefault.xctoolchain/usr/bin/clang++, @/Users/paulot/simple_cache/buck-out/bin/app#binary/linker.argsfile]

stderr: [31mduplicate symbol 'make_daytime_string()' in:
[0m[31m    buck-out/gen/app#compile-TcpServer.cpp.o83230cec,macosx-x86_64/TcpServer.cpp.o
[0m[31m    buck-out/gen/app#compile-main.cpp.oa5b6a1ba,macosx-x86_64/main.cpp.o
[0m[31mld: 1 duplicate symbol for architecture x86_64
[0m[31mclang: error: linker command failed with exit code 1 (use -v to see invocation)
[0m
    When running <c++ link>.
    When building rule //:app#binary.[0m
