[2022-09-14 22:54:22.678][info ][command:null][tid:01][org.pf4j.DefaultPluginStatusProvider] Enabled plugins: []
[2022-09-14 22:54:22.746][info ][command:null][tid:01][org.pf4j.DefaultPluginStatusProvider] Disabled plugins: []
[2022-09-14 22:54:22.747][info ][command:null][tid:01][org.pf4j.DefaultPluginManager] PF4J version 0.0.0 in 'deployment' mode
[2022-09-14 22:54:22.773][info ][command:null][tid:01][org.pf4j.AbstractPluginManager] Plugin 'com.facebook.buck.features.python@0.0.1' resolved
[2022-09-14 22:54:22.774][info ][command:null][tid:01][org.pf4j.AbstractPluginManager] Plugin 'com.facebook.buck.features.lua@0.0.1' resolved
[2022-09-14 22:54:22.774][info ][command:null][tid:01][org.pf4j.AbstractPluginManager] Plugin 'com.facebook.buck.features.go@0.0.1' resolved
[2022-09-14 22:54:22.774][info ][command:null][tid:01][org.pf4j.AbstractPluginManager] Plugin 'com.facebook.buck.features.rust@0.0.1' resolved
[2022-09-14 22:54:22.774][info ][command:null][tid:01][org.pf4j.AbstractPluginManager] Plugin 'com.facebook.buck.features.haskell@0.0.1' resolved
[2022-09-14 22:54:22.774][info ][command:null][tid:01][org.pf4j.AbstractPluginManager] Plugin 'com.facebook.buck.features.dotnet@0.0.1' resolved
[2022-09-14 22:54:22.774][info ][command:null][tid:01][org.pf4j.AbstractPluginManager] Plugin 'com.facebook.buck.features.ocaml@0.0.1' resolved
[2022-09-14 22:54:22.774][info ][command:null][tid:01][org.pf4j.AbstractPluginManager] Plugin 'com.facebook.buck.features.halide@0.0.1' resolved
[2022-09-14 22:54:22.774][info ][command:null][tid:01][org.pf4j.AbstractPluginManager] Plugin 'com.facebook.buck.features.js@0.0.1' resolved
[2022-09-14 22:54:22.774][info ][command:null][tid:01][org.pf4j.AbstractPluginManager] Plugin 'com.facebook.buck.features.apple.project@0.0.1' resolved
[2022-09-14 22:54:22.775][info ][command:null][tid:01][org.pf4j.AbstractPluginManager] Plugin 'com.facebook.buck.features.d@0.0.1' resolved
[2022-09-14 22:54:22.775][info ][command:null][tid:01][org.pf4j.AbstractPluginManager] Plugin 'com.facebook.buck.features.gwt@0.0.1' resolved
[2022-09-14 22:54:22.775][info ][command:null][tid:01][org.pf4j.AbstractPluginManager] Plugin 'com.facebook.buck.features.filebundler@0.0.1' resolved
[2022-09-14 22:54:22.775][info ][command:null][tid:01][org.pf4j.AbstractPluginManager] Plugin 'com.facebook.buck.features.filegroup@0.0.1' resolved
[2022-09-14 22:54:22.775][info ][command:null][tid:01][org.pf4j.AbstractPluginManager] Plugin 'com.facebook.buck.features.zip.rules@0.0.1' resolved
[2022-09-14 22:54:22.775][info ][command:null][tid:01][org.pf4j.AbstractPluginManager] Plugin 'com.facebook.buck.features.project.intellij@0.0.1' resolved
[2022-09-14 22:54:22.776][info ][command:null][tid:01][org.pf4j.AbstractPluginManager] Start plugin 'com.facebook.buck.features.python@0.0.1'
[2022-09-14 22:54:22.777][info ][command:null][tid:01][org.pf4j.AbstractPluginManager] Start plugin 'com.facebook.buck.features.lua@0.0.1'
[2022-09-14 22:54:22.778][info ][command:null][tid:01][org.pf4j.AbstractPluginManager] Start plugin 'com.facebook.buck.features.go@0.0.1'
[2022-09-14 22:54:22.778][info ][command:null][tid:01][org.pf4j.AbstractPluginManager] Start plugin 'com.facebook.buck.features.rust@0.0.1'
[2022-09-14 22:54:22.779][info ][command:null][tid:01][org.pf4j.AbstractPluginManager] Start plugin 'com.facebook.buck.features.haskell@0.0.1'
[2022-09-14 22:54:22.779][info ][command:null][tid:01][org.pf4j.AbstractPluginManager] Start plugin 'com.facebook.buck.features.dotnet@0.0.1'
[2022-09-14 22:54:22.780][info ][command:null][tid:01][org.pf4j.AbstractPluginManager] Start plugin 'com.facebook.buck.features.ocaml@0.0.1'
[2022-09-14 22:54:22.780][info ][command:null][tid:01][org.pf4j.AbstractPluginManager] Start plugin 'com.facebook.buck.features.halide@0.0.1'
[2022-09-14 22:54:22.781][info ][command:null][tid:01][org.pf4j.AbstractPluginManager] Start plugin 'com.facebook.buck.features.js@0.0.1'
[2022-09-14 22:54:22.781][info ][command:null][tid:01][org.pf4j.AbstractPluginManager] Start plugin 'com.facebook.buck.features.apple.project@0.0.1'
[2022-09-14 22:54:22.782][info ][command:null][tid:01][org.pf4j.AbstractPluginManager] Start plugin 'com.facebook.buck.features.d@0.0.1'
[2022-09-14 22:54:22.782][info ][command:null][tid:01][org.pf4j.AbstractPluginManager] Start plugin 'com.facebook.buck.features.gwt@0.0.1'
[2022-09-14 22:54:22.783][info ][command:null][tid:01][org.pf4j.AbstractPluginManager] Start plugin 'com.facebook.buck.features.filebundler@0.0.1'
[2022-09-14 22:54:22.783][info ][command:null][tid:01][org.pf4j.AbstractPluginManager] Start plugin 'com.facebook.buck.features.filegroup@0.0.1'
[2022-09-14 22:54:22.784][info ][command:null][tid:01][org.pf4j.AbstractPluginManager] Start plugin 'com.facebook.buck.features.zip.rules@0.0.1'
[2022-09-14 22:54:22.786][info ][command:null][tid:01][org.pf4j.AbstractPluginManager] Start plugin 'com.facebook.buck.features.project.intellij@0.0.1'
[2022-09-14 22:54:22.904][debug][command:null][tid:01][com.facebook.buck.util.config.Configs] Loading configuration for /Users/paulot/simple_cache
[2022-09-14 22:54:22.912][debug][command:null][tid:01][com.facebook.buck.util.config.Configs] Loaded project configuration file /Users/paulot/simple_cache/.buckconfig
[2022-09-14 22:54:22.915][debug][command:null][tid:01][com.facebook.buck.util.config.Configs] Adding configuration overrides RawConfig{values={}}
[2022-09-14 22:54:22.963][debug][command:null][tid:01][com.facebook.buck.cli.MainRunner] Rotating log.
[2022-09-14 22:54:22.967][debug][command:null][tid:01][com.facebook.buck.cli.MainRunner] Starting up (build date 2022-05-05 13:03:16 -0700, rev 2022.05.05.01), args: [run, :app]
[2022-09-14 22:54:22.969][debug][command:null][tid:01][com.facebook.buck.cli.MainRunner] System properties: {java.vendor=Homebrew, sun.java.launcher=SUN_STANDARD, sun.management.compiler=HotSpot 64-Bit Tiered Compilers, jnidispatch.path=/Users/paulot/Library/Caches/JNA/temp/jna1481250651138021101.tmp, os.name=Mac OS X, buck.enable_objc=true, sun.boot.class.path=/usr/local/Cellar/openjdk@8/1.8.0+345/libexec/openjdk.jdk/Contents/Home/jre/lib/resources.jar:/usr/local/Cellar/openjdk@8/1.8.0+345/libexec/openjdk.jdk/Contents/Home/jre/lib/rt.jar:/usr/local/Cellar/openjdk@8/1.8.0+345/libexec/openjdk.jdk/Contents/Home/jre/lib/sunrsasign.jar:/usr/local/Cellar/openjdk@8/1.8.0+345/libexec/openjdk.jdk/Contents/Home/jre/lib/jsse.jar:/usr/local/Cellar/openjdk@8/1.8.0+345/libexec/openjdk.jdk/Contents/Home/jre/lib/jce.jar:/usr/local/Cellar/openjdk@8/1.8.0+345/libexec/openjdk.jdk/Contents/Home/jre/lib/charsets.jar:/usr/local/Cellar/openjdk@8/1.8.0+345/libexec/openjdk.jdk/Contents/Home/jre/lib/jfr.jar:/usr/local/Cellar/openjdk@8/1.8.0+345/libexec/openjdk.jdk/Contents/Home/jre/classes, buck.module.resources=/Users/paulot/simple_cache/.buckd/resources/2022.05.05.01/buck-modules-resources, pf4j.pluginsDir=/Users/paulot/simple_cache/.buckd/resources/2022.05.05.01/buck-modules, buck.resource_lock_path=/Users/paulot/simple_cache/.buckd/resources/2022.05.05.01/.buck_lock, buck.path_to_isolated_trampoline=/Users/paulot/simple_cache/.buckd/resources/2022.05.05.01/path_to_isolated_trampoline, java.vm.specification.vendor=Oracle Corporation, java.runtime.version=1.8.0_345-bre_2022_08_04_23_35-b00, buck.base_buck_out_dir=buck-out, jna.loaded=true, buck.testrunner_classes=/Users/paulot/simple_cache/.buckd/resources/2022.05.05.01/testrunner_classes, buck.logging_config_file=/Users/paulot/simple_cache/.buckd/resources/2022.05.05.01/logging_config_file, buck.path_to_sh_binary_template=/Users/paulot/simple_cache/.buckd/resources/2022.05.05.01/path_to_sh_binary_template, user.name=paulot, buck.path_to_pywatchman=/Users/paulot/simple_cache/.buckd/resources/2022.05.05.01/path_to_pywatchman, buck.report_generator_jar=/Users/paulot/simple_cache/.buckd/resources/2022.05.05.01/report_generator_jar, buck.legacy_fix_script=/Users/paulot/simple_cache/.buckd/resources/2022.05.05.01/legacy_fix_script, buck.git_commit=2022.05.05.01, user.language=en, sun.boot.library.path=/usr/local/Cellar/openjdk@8/1.8.0+345/libexec/openjdk.jdk/Contents/Home/jre/lib, jna.nosys=true, java.version=1.8.0_345, user.timezone=America/Los_Angeles, buck.test_util_no_tests_dir=true, sun.arch.data.model=64, http.nonProxyHosts=local|*.local|169.254/16|*.169.254/16, java.endorsed.dirs=/usr/local/Cellar/openjdk@8/1.8.0+345/libexec/openjdk.jdk/Contents/Home/jre/lib/endorsed, sun.cpu.isalist=, sun.jnu.encoding=UTF-8, file.encoding.pkg=sun.io, file.separator=/, java.specification.name=Java Platform API Specification, buck.jacoco_agent_jar=/Users/paulot/simple_cache/.buckd/resources/2022.05.05.01/jacoco_agent_jar, java.class.version=52.0, user.country=US, buck.binary_hash=a5ebc4192e18d952e5a3eb762dea479d, java.home=/usr/local/Cellar/openjdk@8/1.8.0+345/libexec/openjdk.jdk/Contents/Home/jre, java.vm.info=mixed mode, os.version=11.4, buck.version_uid=2022.05.05.01, org.eclipse.jetty.util.log.class=org.eclipse.jetty.util.log.JavaUtilLog, path.separator=:, java.vm.version=25.345-b00, java.awt.printerjob=sun.lwawt.macosx.CPrinterJob, sun.io.unicode.encoding=UnicodeBig, awt.toolkit=sun.lwawt.macosx.LWCToolkit, buck.mode=package, buck.buck_build_type_info=/Users/paulot/simple_cache/.buckd/resources/2022.05.05.01/buck_build_type_info, socksNonProxyHosts=local|*.local|169.254/16|*.169.254/16, ftp.nonProxyHosts=local|*.local|169.254/16|*.169.254/16, buck.dx=/Users/paulot/simple_cache/.buckd/resources/2022.05.05.01/dx, buck.git_commit_timestamp=1651780996, user.home=/Users/paulot, java.specification.vendor=Oracle Corporation, buck.git_dirty=0, java.library.path=/Users/paulot/simple_cache/.buckd/resources/2022.05.05.01, java.vendor.url=https://github.com/Homebrew/homebrew-core/issues, buck.is_buckd=false, java.vm.vendor=Homebrew, gopherProxySet=false, java.runtime.name=OpenJDK Runtime Environment, sun.java.command=com.facebook.buck.cli.bootstrapper.ClassLoaderBootstrapper com.facebook.buck.cli.MainWithoutNailgun run --command-args-file /Users/paulot/simple_cache/buck-out/tmp/buck_run.btvt95bf/tmpyqmphrqj :app, java.class.path=/Users/paulot/simple_cache/.buckd/resources/2022.05.05.01/bootstrapper_jar:/Users/paulot/simple_cache/.buckd/resources/2022.05.05.01/buckfilesystem_jar, buck.buckd_dir=/Users/paulot/simple_cache/.buckd, buck.path_to_pathlib_py=/Users/paulot/simple_cache/.buckd/resources/2022.05.05.01/pathlib.py, java.vm.specification.name=Java Virtual Machine Specification, java.vm.specification.version=1.8, sun.cpu.endian=little, sun.os.patch.level=unknown, java.awt.headless=true, java.io.tmpdir=/Users/paulot/simple_cache/buck-out/tmp/buck_run.btvt95bf, buck.android_agent_path=/Users/paulot/simple_cache/.buckd/resources/2022.05.05.01/android_agent_path, java.vendor.url.bug=https://github.com/Homebrew/homebrew-core/issues, buck.path_to_python_dsl=, os.arch=x86_64, java.awt.graphicsenv=sun.awt.CGraphicsEnvironment, java.ext.dirs=/Users/paulot/Library/Java/Extensions:/usr/local/Cellar/openjdk@8/1.8.0+345/libexec/openjdk.jdk/Contents/Home/jre/lib/ext:/Library/Java/Extensions:/Network/Library/Java/Extensions:/System/Library/Java/Extensions:/usr/lib/java, java.util.logging.config.class=com.facebook.buck.cli.bootstrapper.LogConfig, buck.path_to_six_py=/Users/paulot/simple_cache/.buckd/resources/2022.05.05.01/six.py, user.dir=/Users/paulot/simple_cache, java.nio.file.spi.DefaultFileSystemProvider=com.facebook.buck.core.filesystems.BuckFileSystemProvider, line.separator=
, java.vm.name=OpenJDK 64-Bit Server VM, buck.path_to_typing=/Users/paulot/simple_cache/.buckd/resources/2022.05.05.01/path_to_typing, buck.native_exopackage_fake_path=/Users/paulot/simple_cache/.buckd/resources/2022.05.05.01/native_exopackage_fake_path, file.encoding=UTF-8, java.specification.version=1.8}
[2022-09-14 22:54:22.993][debug][command:null][tid:01][com.facebook.buck.util.config.Configs] Loading configuration for /Users/paulot/simple_cache
[2022-09-14 22:54:22.994][debug][command:null][tid:01][com.facebook.buck.util.config.Configs] Loaded project configuration file /Users/paulot/simple_cache/.buckconfig
[2022-09-14 22:54:22.994][debug][command:null][tid:01][com.facebook.buck.util.config.Configs] Adding configuration overrides RawConfig{values={}}
[2022-09-14 22:54:23.046][debug][command:null][tid:01][com.facebook.buck.cli.MainRunner] Not using Watchman, context present: false, glob handler: PYTHON
[2022-09-14 22:54:23.057][info ][command:null][tid:01][com.facebook.buck.core.plugin.impl.DefaultBuckPluginManager] Time to load instances of interface com.facebook.buck.core.rules.config.ConfigurationRuleDescriptionProvider: 10
[2022-09-14 22:54:23.079][info ][command:null][tid:01][com.facebook.buck.core.plugin.impl.DefaultBuckPluginManager] Time to load instances of interface com.facebook.buck.core.toolchain.ToolchainSupplier: 13
[2022-09-14 22:54:23.203][debug][command:null][tid:01][com.facebook.buck.support.state.BuckGlobalStateLifecycleManager] Starting up daemon state for project root [/Users/paulot/simple_cache]
[2022-09-14 22:54:23.275][debug][command:null][tid:01][com.facebook.buck.support.state.BuckGlobalStateFactory] Falling back to named cursors: {}
[2022-09-14 22:54:23.275][debug][command:null][tid:01][com.facebook.buck.support.state.BuckGlobalStateFactory] Using Watchman Cursor: {}
[2022-09-14 22:54:23.276][debug][command:null][tid:23][com.facebook.buck.io.AsynchronousDirectoryContentsCleaner] Starting to clean /Users/paulot/simple_cache/buck-out/.trash
[2022-09-14 22:54:23.278][debug][command:null][tid:23][com.facebook.buck.io.AsynchronousDirectoryContentsCleaner] Done cleaning /Users/paulot/simple_cache/buck-out/.trash
